{"body":"{\"Event\":{\"xmlns\":\"http://schemas.microsoft.com/win/2004/08/events/event\",\"System\":{\"Provider\":{\"Name\":\"Microsoft-Windows-Security-Auditing\",\"Guid\":\"{54849625-5478-4994-a5ba-3e3b0328c30d}\"},\"EventID\":\"4688\",\"Version\":\"1\",\"Level\":\"0\",\"Task\":\"13312\",\"Opcode\":\"0\",\"Keywords\":\"0x8020000000000000\",\"TimeCreated\":{\"SystemTime\":\"2023-06-20T15:36:08.0268449Z\"},\"EventRecordID\":\"1676626\",\"Correlation\":\"\",\"Execution\":{\"ProcessID\":\"4\",\"ThreadID\":\"48\"},\"Channel\":\"Security\",\"Computer\":\"win7-hack.stand2008.local\",\"Security\":\"\"},\"EventData\":{\"Data\":[{\"Name\":\"SubjectUserSid\",\"text\":\"S-1-5-21-3800063338-4262557262-2801230003-500\"},{\"Name\":\"SubjectUserName\",\"text\":\"Администратор\"},{\"Name\":\"SubjectDomainName\",\"text\":\"STAND2008\"},{\"Name\":\"SubjectLogonId\",\"text\":\"0x3bc93\"},{\"Name\":\"NewProcessId\",\"text\":\"0x548\"},{\"Name\":\"NewProcessName\",\"text\":\"C:\\\\Windows\\\\System32\\\\wusa.exe\"},{\"Name\":\"TokenElevationType\",\"text\":\"%%1938\"},{\"Name\":\"ProcessId\",\"text\":\"0x944\"},{\"Name\":\"CommandLine\",\"text\":\"\\\"C:\\\\Windows\\\\System32\\\\wusa.exe\\\"\"}]}}}","recv_ipv4":"127.0.0.1","recv_time":"2023-06-22T19:08:06.487Z","task_id":"00000000-0000-0000-0000-000000000000","tag":"some_tag","mime":"application/x-pt-eventlog","normalized":false,"input_id":"00000000-0000-0000-0000-000000000000","type":"raw","uuid":"160e9a36-942b-464d-afeb-580ccdcc4b66"}
{"body":"{\"Event\":{\"xmlns\":\"http://schemas.microsoft.com/win/2004/08/events/event\",\"System\":{\"Provider\":{\"Name\":\"Microsoft-Windows-Security-Auditing\",\"Guid\":\"{54849625-5478-4994-a5ba-3e3b0328c30d}\"},\"EventID\":\"4689\",\"Version\":\"0\",\"Level\":\"0\",\"Task\":\"13313\",\"Opcode\":\"0\",\"Keywords\":\"0x8020000000000000\",\"TimeCreated\":{\"SystemTime\":\"2023-06-20T15:36:08.0424703Z\"},\"EventRecordID\":\"1676627\",\"Correlation\":\"\",\"Execution\":{\"ProcessID\":\"4\",\"ThreadID\":\"44\"},\"Channel\":\"Security\",\"Computer\":\"win7-hack.stand2008.local\",\"Security\":\"\"},\"EventData\":{\"Data\":[{\"Name\":\"SubjectUserSid\",\"text\":\"S-1-5-21-3800063338-4262557262-2801230003-500\"},{\"Name\":\"SubjectUserName\",\"text\":\"Администратор\"},{\"Name\":\"SubjectDomainName\",\"text\":\"STAND2008\"},{\"Name\":\"SubjectLogonId\",\"text\":\"0x3bc93\"},{\"Name\":\"Status\",\"text\":\"0xc000042c\"},{\"Name\":\"ProcessId\",\"text\":\"0x548\"},{\"Name\":\"ProcessName\",\"text\":\"C:\\\\Windows\\\\System32\\\\wusa.exe\"}]}}}","recv_ipv4":"127.0.0.1","recv_time":"2023-06-22T19:08:06.489Z","task_id":"00000000-0000-0000-0000-000000000000","tag":"some_tag","mime":"application/x-pt-eventlog","normalized":false,"input_id":"00000000-0000-0000-0000-000000000000","type":"raw","uuid":"3d36ab5b-d2f1-49a9-95f5-e28e35834b64"}
{"body":"{\"Event\":{\"xmlns\":\"http://schemas.microsoft.com/win/2004/08/events/event\",\"System\":{\"Provider\":{\"Name\":\"Microsoft-Windows-Security-Auditing\",\"Guid\":\"{54849625-5478-4994-a5ba-3e3b0328c30d}\"},\"EventID\":\"4688\",\"Version\":\"1\",\"Level\":\"0\",\"Task\":\"13312\",\"Opcode\":\"0\",\"Keywords\":\"0x8020000000000000\",\"TimeCreated\":{\"SystemTime\":\"2023-06-20T15:36:08.4643561Z\"},\"EventRecordID\":\"1676639\",\"Correlation\":\"\",\"Execution\":{\"ProcessID\":\"4\",\"ThreadID\":\"44\"},\"Channel\":\"Security\",\"Computer\":\"win7-hack.stand2008.local\",\"Security\":\"\"},\"EventData\":{\"Data\":[{\"Name\":\"SubjectUserSid\",\"text\":\"S-1-5-18\"},{\"Name\":\"SubjectUserName\",\"text\":\"WIN7-HACK$\"},{\"Name\":\"SubjectDomainName\",\"text\":\"STAND2008\"},{\"Name\":\"SubjectLogonId\",\"text\":\"0x3e7\"},{\"Name\":\"NewProcessId\",\"text\":\"0xae0\"},{\"Name\":\"NewProcessName\",\"text\":\"C:\\\\Windows\\\\System32\\\\wusa.exe\"},{\"Name\":\"TokenElevationType\",\"text\":\"%%1937\"},{\"Name\":\"ProcessId\",\"text\":\"0x944\"},{\"Name\":\"CommandLine\",\"text\":\"\\\"C:\\\\Windows\\\\System32\\\\wusa.exe\\\"\"}]}}}","recv_ipv4":"127.0.0.1","recv_time":"2023-06-22T19:08:06.490Z","task_id":"00000000-0000-0000-0000-000000000000","tag":"some_tag","mime":"application/x-pt-eventlog","normalized":false,"input_id":"00000000-0000-0000-0000-000000000000","type":"raw","uuid":"70ef4f25-dc12-4038-b382-80a6eae212d0"}