{"action": "login", "body": "{\"Event\":{\"xmlns\":\"http://schemas.microsoft.com/win/2004/08/events/event\",\"System\":{\"Provider\":{\"Name\":\"Microsoft-Windows-Security-Auditing\",\"Guid\":\"{54849625-5478-4994-a5ba-3e3b0328c30d}\"},\"EventID\":\"4771\",\"Version\":\"0\",\"Level\":\"0\",\"Task\":\"14339\",\"Opcode\":\"0\",\"Keywords\":\"0x8010000000000000\",\"TimeCreated\":{\"SystemTime\":\"2023-05-22T20:29:36.4253654Z\"},\"EventRecordID\":\"887114\",\"Correlation\":\"\",\"Execution\":{\"ProcessID\":\"568\",\"ThreadID\":\"2356\"},\"Channel\":\"Security\",\"Computer\":\"01566s-win16-ir.threebeesco.com\",\"Security\":\"\"},\"EventData\":{\"Data\":[{\"Name\":\"TargetUserName\",\"text\":\"Administrator\"},{\"Name\":\"TargetSid\",\"text\":\"S-1-5-21-308926384-506822093-3341789130-500\"},{\"Name\":\"ServiceName\",\"text\":\"krbtgt/THREEBEESCO.COM\"},{\"Name\":\"TicketOptions\",\"text\":\"0x10\"},{\"Name\":\"Status\",\"text\":\"0x18\"},{\"Name\":\"PreAuthType\",\"text\":\"2\"},{\"Name\":\"IpAddress\",\"text\":\"172.16.66.1\"},{\"Name\":\"IpPort\",\"text\":\"55967\"},{\"Name\":\"CertIssuerName\"},{\"Name\":\"CertSerialNumber\"},{\"Name\":\"CertThumbprint\"}]}}}", "category.generic": "Operating System", "category.high": "Access Management", "category.low": "Communication", "datafield2": "Standard password authentication", "datafield4": "Pre-authentication information was invalid", "datafield5": "THREEBEESCO.COM", "datafield8": "0x10", "event_src.category": "AAA", "event_src.fqdn": "01566s-win16-ir.threebeesco.com", "event_src.host": "01566s-win16-ir.threebeesco.com", "event_src.hostname": "01566s-win16-ir", "event_src.subsys": "Security", "event_src.title": "windows", "event_src.vendor": "microsoft", "generator.type": "logcollector", "generator.version": "N26.0.2936", "id": "PT_Microsoft_Windows_eventlog_4771_Kerberos_pre_authentication_failed", "importance": "info", "input_id": "00000000-0000-0000-0000-000000000000", "logon_service": "krbtgt", "logon_type": 2, "mime": "application/x-pt-eventlog", "msgid": "4771", "normalized": true, "object": "system", "reason": "0x18", "recv_ipv4": "127.0.0.1", "recv_time": "2023-06-02T14:21:43.040Z", "src.host": "172.16.66.1", "src.ip": "172.16.66.1", "src.port": 55967, "status": "failure", "subject": "account", "subject.account.id": "S-1-5-21-308926384-506822093-3341789130-500", "subject.account.name": "administrator", "tag": "some_tag", "task_id": "00000000-0000-0000-0000-000000000000", "taxonomy_version": "26.0.215-release-26.0", "time": "2023-05-22T20:29:36.425Z", "type": "raw", "uuid": "cda0152b-e8c7-47e1-b484-28ba19625f9c"}
{"action": "login", "body": "{\"Event\":{\"xmlns\":\"http://schemas.microsoft.com/win/2004/08/events/event\",\"System\":{\"Provider\":{\"Name\":\"Microsoft-Windows-Security-Auditing\",\"Guid\":\"{54849625-5478-4994-a5ba-3e3b0328c30c}\"},\"EventID\":\"4771\",\"Version\":\"0\",\"Level\":\"0\",\"Task\":\"14339\",\"Opcode\":\"0\",\"Keywords\":\"0x8010000000000000\",\"TimeCreated\":{\"SystemTime\":\"2023-05-22T20:31:36.4253654Z\"},\"EventRecordID\":\"887114\",\"Correlation\":\"\",\"Execution\":{\"ProcessID\":\"568\",\"ThreadID\":\"2356\"},\"Channel\":\"Security\",\"Computer\":\"01566s-win16-ir.threebeesco.com\",\"Security\":\"\"},\"EventData\":{\"Data\":[{\"Name\":\"TargetUserName\",\"text\":\"mc\"},{\"Name\":\"TargetSid\",\"text\":\"S-1-5-21-308926384-506822093-3341789130-500\"},{\"Name\":\"ServiceName\",\"text\":\"krbtgt/THREEBEESCO.COM\"},{\"Name\":\"TicketOptions\",\"text\":\"0x10\"},{\"Name\":\"Status\",\"text\":\"0x18\"},{\"Name\":\"PreAuthType\",\"text\":\"2\"},{\"Name\":\"IpAddress\",\"text\":\"172.16.66.1\"},{\"Name\":\"IpPort\",\"text\":\"55967\"},{\"Name\":\"CertIssuerName\"},{\"Name\":\"CertSerialNumber\"},{\"Name\":\"CertThumbprint\"}]}}}", "category.generic": "Operating System", "category.high": "Access Management", "category.low": "Communication", "datafield2": "Standard password authentication", "datafield4": "Pre-authentication information was invalid", "datafield5": "THREEBEESCO.COM", "datafield8": "0x10", "event_src.category": "AAA", "event_src.fqdn": "01566s-win16-ir.threebeesco.com", "event_src.host": "01566s-win16-ir.threebeesco.com", "event_src.hostname": "01566s-win16-ir", "event_src.subsys": "Security", "event_src.title": "windows", "event_src.vendor": "microsoft", "generator.type": "logcollector", "generator.version": "N26.0.2936", "id": "PT_Microsoft_Windows_eventlog_4771_Kerberos_pre_authentication_failed", "importance": "info", "input_id": "00000000-0000-0000-0000-000000000000", "logon_service": "krbtgt", "logon_type": 2, "mime": "application/x-pt-eventlog", "msgid": "4771", "normalized": true, "object": "system", "reason": "0x18", "recv_ipv4": "127.0.0.1", "recv_time": "2023-06-02T14:21:43.040Z", "src.host": "172.16.66.1", "src.ip": "172.16.66.1", "src.port": 55967, "status": "failure", "subject": "account", "subject.account.id": "S-1-5-21-308926384-506822093-3341789130-500", "subject.account.name": "mc", "tag": "some_tag", "task_id": "00000000-0000-0000-0000-000000000000", "taxonomy_version": "26.0.215-release-26.0", "time": "2023-05-22T20:31:36.425Z", "type": "raw", "uuid": "cda0152b-e8c7-47e1-b484-28ba19625f9f"}
{"action": "login", "body": "{\"Event\":{\"xmlns\":\"http://schemas.microsoft.com/win/2004/08/events/event\",\"System\":{\"Provider\":{\"Name\":\"Microsoft-Windows-Security-Auditing\",\"Guid\":\"{54849625-5478-4994-a5ba-3e3b0328c30a}\"},\"EventID\":\"4771\",\"Version\":\"0\",\"Level\":\"0\",\"Task\":\"14339\",\"Opcode\":\"0\",\"Keywords\":\"0x8010000000000000\",\"TimeCreated\":{\"SystemTime\":\"2023-05-22T20:33:36.4258382Z\"},\"EventRecordID\":\"887115\",\"Correlation\":\"\",\"Execution\":{\"ProcessID\":\"568\",\"ThreadID\":\"4856\"},\"Channel\":\"Security\",\"Computer\":\"01566s-win16-ir.threebeesco.com\",\"Security\":\"\"},\"EventData\":{\"Data\":[{\"Name\":\"TargetUserName\",\"text\":\"bob\"},{\"Name\":\"TargetSid\",\"text\":\"S-1-5-21-308926384-506822093-3341789130-107103\"},{\"Name\":\"ServiceName\",\"text\":\"krbtgt/THREEBEESCO.COM\"},{\"Name\":\"TicketOptions\",\"text\":\"0x10\"},{\"Name\":\"Status\",\"text\":\"0x18\"},{\"Name\":\"PreAuthType\",\"text\":\"2\"},{\"Name\":\"IpAddress\",\"text\":\"172.16.66.1\"},{\"Name\":\"IpPort\",\"text\":\"55968\"},{\"Name\":\"CertIssuerName\"},{\"Name\":\"CertSerialNumber\"},{\"Name\":\"CertThumbprint\"}]}}}", "category.generic": "Operating System", "category.high": "Access Management", "category.low": "Communication", "datafield2": "Standard password authentication", "datafield4": "Pre-authentication information was invalid", "datafield5": "THREEBEESCO.COM", "datafield8": "0x10", "event_src.category": "AAA", "event_src.fqdn": "01566s-win16-ir.threebeesco.com", "event_src.host": "01566s-win16-ir.threebeesco.com", "event_src.hostname": "01566s-win16-ir", "event_src.subsys": "Security", "event_src.title": "windows", "event_src.vendor": "microsoft", "generator.type": "logcollector", "generator.version": "N26.0.2936", "id": "PT_Microsoft_Windows_eventlog_4771_Kerberos_pre_authentication_failed", "importance": "info", "input_id": "00000000-0000-0000-0000-000000000000", "logon_service": "krbtgt", "logon_type": 2, "mime": "application/x-pt-eventlog", "msgid": "4771", "normalized": true, "object": "system", "reason": "0x18", "recv_ipv4": "127.0.0.1", "recv_time": "2023-06-02T14:21:43.041Z", "src.host": "172.16.66.1", "src.ip": "172.16.66.1", "src.port": 55968, "status": "failure", "subject": "account", "subject.account.id": "S-1-5-21-308926384-506822093-3341789130-107103", "subject.account.name": "bob", "tag": "some_tag", "task_id": "00000000-0000-0000-0000-000000000000", "taxonomy_version": "26.0.215-release-26.0", "time": "2023-05-22T20:33:36.425Z", "type": "raw", "uuid": "3aa04a6d-8343-4797-b414-ef44ab6e512f"}
{"action": "login", "body": "{\"Event\":{\"xmlns\":\"http://schemas.microsoft.com/win/2004/08/events/event\",\"System\":{\"Provider\":{\"Name\":\"Microsoft-Windows-Security-Auditing\",\"Guid\":\"{54849625-5478-4994-a5ba-3e3b0328c30b}\"},\"EventID\":\"4771\",\"Version\":\"0\",\"Level\":\"0\",\"Task\":\"14339\",\"Opcode\":\"0\",\"Keywords\":\"0x8010000000000000\",\"TimeCreated\":{\"SystemTime\":\"2023-05-22T20:34:36.4258382Z\"},\"EventRecordID\":\"887115\",\"Correlation\":\"\",\"Execution\":{\"ProcessID\":\"568\",\"ThreadID\":\"4856\"},\"Channel\":\"Security\",\"Computer\":\"01566s-win16-ir.threebeesco.com\",\"Security\":\"\"},\"EventData\":{\"Data\":[{\"Name\":\"TargetUserName\",\"text\":\"corn\"},{\"Name\":\"TargetSid\",\"text\":\"S-1-5-21-308926384-506822093-3341789130-107103\"},{\"Name\":\"ServiceName\",\"text\":\"krbtgt/THREEBEESCO.COM\"},{\"Name\":\"TicketOptions\",\"text\":\"0x10\"},{\"Name\":\"Status\",\"text\":\"0x18\"},{\"Name\":\"PreAuthType\",\"text\":\"2\"},{\"Name\":\"IpAddress\",\"text\":\"172.16.66.1\"},{\"Name\":\"IpPort\",\"text\":\"55968\"},{\"Name\":\"CertIssuerName\"},{\"Name\":\"CertSerialNumber\"},{\"Name\":\"CertThumbprint\"}]}}}", "category.generic": "Operating System", "category.high": "Access Management", "category.low": "Communication", "datafield2": "Standard password authentication", "datafield4": "Pre-authentication information was invalid", "datafield5": "THREEBEESCO.COM", "datafield8": "0x10", "event_src.category": "AAA", "event_src.fqdn": "01566s-win16-ir.threebeesco.com", "event_src.host": "01566s-win16-ir.threebeesco.com", "event_src.hostname": "01566s-win16-ir", "event_src.subsys": "Security", "event_src.title": "windows", "event_src.vendor": "microsoft", "generator.type": "logcollector", "generator.version": "N26.0.2936", "id": "PT_Microsoft_Windows_eventlog_4771_Kerberos_pre_authentication_failed", "importance": "info", "input_id": "00000000-0000-0000-0000-000000000000", "logon_service": "krbtgt", "logon_type": 2, "mime": "application/x-pt-eventlog", "msgid": "4771", "normalized": true, "object": "system", "reason": "0x18", "recv_ipv4": "127.0.0.1", "recv_time": "2023-06-02T14:21:43.041Z", "src.host": "172.16.66.1", "src.ip": "172.16.66.1", "src.port": 55968, "status": "failure", "subject": "account", "subject.account.id": "S-1-5-21-308926384-506822093-3341789130-107103", "subject.account.name": "corn", "tag": "some_tag", "task_id": "00000000-0000-0000-0000-000000000000", "taxonomy_version": "26.0.215-release-26.0", "time": "2023-05-22T20:34:36.425Z", "type": "raw", "uuid": "3aa04a6d-8343-4797-b414-ef44ab6e513f"}
{"action": "login", "body": "{\"Event\":{\"xmlns\":\"http://schemas.microsoft.com/win/2004/08/events/event\",\"System\":{\"Provider\":{\"Name\":\"Microsoft-Windows-Security-Auditing\",\"Guid\":\"{54849625-5478-4994-a5ba-3e3b0328c30r}\"},\"EventID\":\"4771\",\"Version\":\"0\",\"Level\":\"0\",\"Task\":\"14339\",\"Opcode\":\"0\",\"Keywords\":\"0x8010000000000000\",\"TimeCreated\":{\"SystemTime\":\"2023-05-22T20:35:36.4258382Z\"},\"EventRecordID\":\"887115\",\"Correlation\":\"\",\"Execution\":{\"ProcessID\":\"568\",\"ThreadID\":\"4856\"},\"Channel\":\"Security\",\"Computer\":\"01566s-win16-ir.threebeesco.com\",\"Security\":\"\"},\"EventData\":{\"Data\":[{\"Name\":\"TargetUserName\",\"text\":\"smoorf\"},{\"Name\":\"TargetSid\",\"text\":\"S-1-5-21-308926384-506822093-3341789130-107103\"},{\"Name\":\"ServiceName\",\"text\":\"krbtgt/THREEBEESCO.COM\"},{\"Name\":\"TicketOptions\",\"text\":\"0x10\"},{\"Name\":\"Status\",\"text\":\"0x18\"},{\"Name\":\"PreAuthType\",\"text\":\"2\"},{\"Name\":\"IpAddress\",\"text\":\"172.16.66.1\"},{\"Name\":\"IpPort\",\"text\":\"55968\"},{\"Name\":\"CertIssuerName\"},{\"Name\":\"CertSerialNumber\"},{\"Name\":\"CertThumbprint\"}]}}}", "category.generic": "Operating System", "category.high": "Access Management", "category.low": "Communication", "datafield2": "Standard password authentication", "datafield4": "Pre-authentication information was invalid", "datafield5": "THREEBEESCO.COM", "datafield8": "0x10", "event_src.category": "AAA", "event_src.fqdn": "01566s-win16-ir.threebeesco.com", "event_src.host": "01566s-win16-ir.threebeesco.com", "event_src.hostname": "01566s-win16-ir", "event_src.subsys": "Security", "event_src.title": "windows", "event_src.vendor": "microsoft", "generator.type": "logcollector", "generator.version": "N26.0.2936", "id": "PT_Microsoft_Windows_eventlog_4771_Kerberos_pre_authentication_failed", "importance": "info", "input_id": "00000000-0000-0000-0000-000000000000", "logon_service": "krbtgt", "logon_type": 2, "mime": "application/x-pt-eventlog", "msgid": "4771", "normalized": true, "object": "system", "reason": "0x18", "recv_ipv4": "127.0.0.1", "recv_time": "2023-06-02T14:21:43.041Z", "src.host": "172.16.66.1", "src.ip": "172.16.66.1", "src.port": 55968, "status": "failure", "subject": "account", "subject.account.id": "S-1-5-21-308926384-506822093-3341789130-107103", "subject.account.name": "smoorf", "tag": "some_tag", "task_id": "00000000-0000-0000-0000-000000000000", "taxonomy_version": "26.0.215-release-26.0", "time": "2023-05-22T20:35:36.425Z", "type": "raw", "uuid": "3aa04a6d-8343-4797-b414-ef44ab6e514f"}
{"action": "login", "body": "{\"Event\":{\"xmlns\":\"http://schemas.microsoft.com/win/2004/08/events/event\",\"System\":{\"Provider\":{\"Name\":\"Microsoft-Windows-Security-Auditing\",\"Guid\":\"{54849625-5478-4994-a5ba-3e3b0328c30d}\"},\"EventID\":\"4771\",\"Version\":\"0\",\"Level\":\"0\",\"Task\":\"14339\",\"Opcode\":\"0\",\"Keywords\":\"0x8010000000000000\",\"TimeCreated\":{\"SystemTime\":\"2023-05-22T20:29:36.4253654Z\"},\"EventRecordID\":\"887114\",\"Correlation\":\"\",\"Execution\":{\"ProcessID\":\"568\",\"ThreadID\":\"2356\"},\"Channel\":\"Security\",\"Computer\":\"01566s-win16-ir.threebeesco.com\",\"Security\":\"\"},\"EventData\":{\"Data\":[{\"Name\":\"TargetUserName\",\"text\":\"Administrator1\"},{\"Name\":\"TargetSid\",\"text\":\"S-1-5-21-308926384-506822093-3341789130-500\"},{\"Name\":\"ServiceName\",\"text\":\"krbtgt/THREEBEESCO.COM\"},{\"Name\":\"TicketOptions\",\"text\":\"0x10\"},{\"Name\":\"Status\",\"text\":\"0x18\"},{\"Name\":\"PreAuthType\",\"text\":\"2\"},{\"Name\":\"IpAddress\",\"text\":\"172.16.66.1\"},{\"Name\":\"IpPort\",\"text\":\"55967\"},{\"Name\":\"CertIssuerName\"},{\"Name\":\"CertSerialNumber\"},{\"Name\":\"CertThumbprint\"}]}}}", "category.generic": "Operating System", "category.high": "Access Management", "category.low": "Communication", "datafield2": "Standard password authentication", "datafield4": "Pre-authentication information was invalid", "datafield5": "THREEBEESCO.COM", "datafield8": "0x10", "event_src.category": "AAA", "event_src.fqdn": "01566s-win16-ir.threebeesco.com", "event_src.host": "01566s-win16-ir.threebeesco.com", "event_src.hostname": "01566s-win16-ir", "event_src.subsys": "Security", "event_src.title": "windows", "event_src.vendor": "microsoft", "generator.type": "logcollector", "generator.version": "N26.0.2936", "id": "PT_Microsoft_Windows_eventlog_4771_Kerberos_pre_authentication_failed", "importance": "info", "input_id": "00000000-0000-0000-0000-000000000000", "logon_service": "krbtgt", "logon_type": 2, "mime": "application/x-pt-eventlog", "msgid": "4771", "normalized": true, "object": "system", "reason": "0x18", "recv_ipv4": "127.0.0.1", "recv_time": "2023-06-02T14:21:43.040Z", "src.host": "172.16.66.1", "src.ip": "172.16.66.1", "src.port": 55967, "status": "failure", "subject": "account", "subject.account.id": "S-1-5-21-308926384-506822093-3341789130-500", "subject.account.name": "administrator1", "tag": "some_tag", "task_id": "00000000-0000-0000-0000-000000000000", "taxonomy_version": "26.0.215-release-26.0", "time": "2023-05-22T20:29:36.425Z", "type": "raw", "uuid": "cda0152b-e8c7-47e1-b484-28ba19625f8c"}
{"action": "login", "body": "{\"Event\":{\"xmlns\":\"http://schemas.microsoft.com/win/2004/08/events/event\",\"System\":{\"Provider\":{\"Name\":\"Microsoft-Windows-Security-Auditing\",\"Guid\":\"{54849625-5478-4994-a5ba-3e3b0328c30c}\"},\"EventID\":\"4771\",\"Version\":\"0\",\"Level\":\"0\",\"Task\":\"14339\",\"Opcode\":\"0\",\"Keywords\":\"0x8010000000000000\",\"TimeCreated\":{\"SystemTime\":\"2023-05-22T20:31:36.4253654Z\"},\"EventRecordID\":\"887114\",\"Correlation\":\"\",\"Execution\":{\"ProcessID\":\"568\",\"ThreadID\":\"2356\"},\"Channel\":\"Security\",\"Computer\":\"01566s-win16-ir.threebeesco.com\",\"Security\":\"\"},\"EventData\":{\"Data\":[{\"Name\":\"TargetUserName\",\"text\":\"mc1\"},{\"Name\":\"TargetSid\",\"text\":\"S-1-5-21-308926384-506822093-3341789130-500\"},{\"Name\":\"ServiceName\",\"text\":\"krbtgt/THREEBEESCO.COM\"},{\"Name\":\"TicketOptions\",\"text\":\"0x10\"},{\"Name\":\"Status\",\"text\":\"0x18\"},{\"Name\":\"PreAuthType\",\"text\":\"2\"},{\"Name\":\"IpAddress\",\"text\":\"172.16.66.1\"},{\"Name\":\"IpPort\",\"text\":\"55967\"},{\"Name\":\"CertIssuerName\"},{\"Name\":\"CertSerialNumber\"},{\"Name\":\"CertThumbprint\"}]}}}", "category.generic": "Operating System", "category.high": "Access Management", "category.low": "Communication", "datafield2": "Standard password authentication", "datafield4": "Pre-authentication information was invalid", "datafield5": "THREEBEESCO.COM", "datafield8": "0x10", "event_src.category": "AAA", "event_src.fqdn": "01566s-win16-ir.threebeesco.com", "event_src.host": "01566s-win16-ir.threebeesco.com", "event_src.hostname": "01566s-win16-ir", "event_src.subsys": "Security", "event_src.title": "windows", "event_src.vendor": "microsoft", "generator.type": "logcollector", "generator.version": "N26.0.2936", "id": "PT_Microsoft_Windows_eventlog_4771_Kerberos_pre_authentication_failed", "importance": "info", "input_id": "00000000-0000-0000-0000-000000000000", "logon_service": "krbtgt", "logon_type": 2, "mime": "application/x-pt-eventlog", "msgid": "4771", "normalized": true, "object": "system", "reason": "0x18", "recv_ipv4": "127.0.0.1", "recv_time": "2023-06-02T14:21:43.040Z", "src.host": "172.16.66.1", "src.ip": "172.16.66.1", "src.port": 55967, "status": "failure", "subject": "account", "subject.account.id": "S-1-5-21-308926384-506822093-3341789130-500", "subject.account.name": "mc1", "tag": "some_tag", "task_id": "00000000-0000-0000-0000-000000000000", "taxonomy_version": "26.0.215-release-26.0", "time": "2023-05-22T20:31:36.425Z", "type": "raw", "uuid": "cda0152b-e8c7-47e1-b484-28ba19625f8f"}
{"action": "login", "body": "{\"Event\":{\"xmlns\":\"http://schemas.microsoft.com/win/2004/08/events/event\",\"System\":{\"Provider\":{\"Name\":\"Microsoft-Windows-Security-Auditing\",\"Guid\":\"{54849625-5478-4994-a5ba-3e3b0328c30a}\"},\"EventID\":\"4771\",\"Version\":\"0\",\"Level\":\"0\",\"Task\":\"14339\",\"Opcode\":\"0\",\"Keywords\":\"0x8010000000000000\",\"TimeCreated\":{\"SystemTime\":\"2023-05-22T20:33:36.4258382Z\"},\"EventRecordID\":\"887115\",\"Correlation\":\"\",\"Execution\":{\"ProcessID\":\"568\",\"ThreadID\":\"4856\"},\"Channel\":\"Security\",\"Computer\":\"01566s-win16-ir.threebeesco.com\",\"Security\":\"\"},\"EventData\":{\"Data\":[{\"Name\":\"TargetUserName\",\"text\":\"bob1\"},{\"Name\":\"TargetSid\",\"text\":\"S-1-5-21-308926384-506822093-3341789130-107103\"},{\"Name\":\"ServiceName\",\"text\":\"krbtgt/THREEBEESCO.COM\"},{\"Name\":\"TicketOptions\",\"text\":\"0x10\"},{\"Name\":\"Status\",\"text\":\"0x18\"},{\"Name\":\"PreAuthType\",\"text\":\"2\"},{\"Name\":\"IpAddress\",\"text\":\"172.16.66.1\"},{\"Name\":\"IpPort\",\"text\":\"55968\"},{\"Name\":\"CertIssuerName\"},{\"Name\":\"CertSerialNumber\"},{\"Name\":\"CertThumbprint\"}]}}}", "category.generic": "Operating System", "category.high": "Access Management", "category.low": "Communication", "datafield2": "Standard password authentication", "datafield4": "Pre-authentication information was invalid", "datafield5": "THREEBEESCO.COM", "datafield8": "0x10", "event_src.category": "AAA", "event_src.fqdn": "01566s-win16-ir.threebeesco.com", "event_src.host": "01566s-win16-ir.threebeesco.com", "event_src.hostname": "01566s-win16-ir", "event_src.subsys": "Security", "event_src.title": "windows", "event_src.vendor": "microsoft", "generator.type": "logcollector", "generator.version": "N26.0.2936", "id": "PT_Microsoft_Windows_eventlog_4771_Kerberos_pre_authentication_failed", "importance": "info", "input_id": "00000000-0000-0000-0000-000000000000", "logon_service": "krbtgt", "logon_type": 2, "mime": "application/x-pt-eventlog", "msgid": "4771", "normalized": true, "object": "system", "reason": "0x18", "recv_ipv4": "127.0.0.1", "recv_time": "2023-06-02T14:21:43.041Z", "src.host": "172.16.66.1", "src.ip": "172.16.66.1", "src.port": 55968, "status": "failure", "subject": "account", "subject.account.id": "S-1-5-21-308926384-506822093-3341789130-107103", "subject.account.name": "bob1", "tag": "some_tag", "task_id": "00000000-0000-0000-0000-000000000000", "taxonomy_version": "26.0.215-release-26.0", "time": "2023-05-22T20:33:36.425Z", "type": "raw", "uuid": "3aa04a6d-8343-4797-b414-ef44ab6e522f"}
{"action": "login", "body": "{\"Event\":{\"xmlns\":\"http://schemas.microsoft.com/win/2004/08/events/event\",\"System\":{\"Provider\":{\"Name\":\"Microsoft-Windows-Security-Auditing\",\"Guid\":\"{54849625-5478-4994-a5ba-3e3b0328c30b}\"},\"EventID\":\"4771\",\"Version\":\"0\",\"Level\":\"0\",\"Task\":\"14339\",\"Opcode\":\"0\",\"Keywords\":\"0x8010000000000000\",\"TimeCreated\":{\"SystemTime\":\"2023-05-22T20:34:36.4258382Z\"},\"EventRecordID\":\"887115\",\"Correlation\":\"\",\"Execution\":{\"ProcessID\":\"568\",\"ThreadID\":\"4856\"},\"Channel\":\"Security\",\"Computer\":\"01566s-win16-ir.threebeesco.com\",\"Security\":\"\"},\"EventData\":{\"Data\":[{\"Name\":\"TargetUserName\",\"text\":\"corn1\"},{\"Name\":\"TargetSid\",\"text\":\"S-1-5-21-308926384-506822093-3341789130-107103\"},{\"Name\":\"ServiceName\",\"text\":\"krbtgt/THREEBEESCO.COM\"},{\"Name\":\"TicketOptions\",\"text\":\"0x10\"},{\"Name\":\"Status\",\"text\":\"0x18\"},{\"Name\":\"PreAuthType\",\"text\":\"2\"},{\"Name\":\"IpAddress\",\"text\":\"172.16.66.1\"},{\"Name\":\"IpPort\",\"text\":\"55968\"},{\"Name\":\"CertIssuerName\"},{\"Name\":\"CertSerialNumber\"},{\"Name\":\"CertThumbprint\"}]}}}", "category.generic": "Operating System", "category.high": "Access Management", "category.low": "Communication", "datafield2": "Standard password authentication", "datafield4": "Pre-authentication information was invalid", "datafield5": "THREEBEESCO.COM", "datafield8": "0x10", "event_src.category": "AAA", "event_src.fqdn": "01566s-win16-ir.threebeesco.com", "event_src.host": "01566s-win16-ir.threebeesco.com", "event_src.hostname": "01566s-win16-ir", "event_src.subsys": "Security", "event_src.title": "windows", "event_src.vendor": "microsoft", "generator.type": "logcollector", "generator.version": "N26.0.2936", "id": "PT_Microsoft_Windows_eventlog_4771_Kerberos_pre_authentication_failed", "importance": "info", "input_id": "00000000-0000-0000-0000-000000000000", "logon_service": "krbtgt", "logon_type": 2, "mime": "application/x-pt-eventlog", "msgid": "4771", "normalized": true, "object": "system", "reason": "0x18", "recv_ipv4": "127.0.0.1", "recv_time": "2023-06-02T14:21:43.041Z", "src.host": "172.16.66.1", "src.ip": "172.16.66.1", "src.port": 55968, "status": "failure", "subject": "account", "subject.account.id": "S-1-5-21-308926384-506822093-3341789130-107103", "subject.account.name": "corn1", "tag": "some_tag", "task_id": "00000000-0000-0000-0000-000000000000", "taxonomy_version": "26.0.215-release-26.0", "time": "2023-05-22T20:34:36.425Z", "type": "raw", "uuid": "3aa04a6d-8343-4797-b414-ef44ab6e523f"}
{"action": "login", "body": "{\"Event\":{\"xmlns\":\"http://schemas.microsoft.com/win/2004/08/events/event\",\"System\":{\"Provider\":{\"Name\":\"Microsoft-Windows-Security-Auditing\",\"Guid\":\"{54849625-5478-4994-a5ba-3e3b0328c30r}\"},\"EventID\":\"4771\",\"Version\":\"0\",\"Level\":\"0\",\"Task\":\"14339\",\"Opcode\":\"0\",\"Keywords\":\"0x8010000000000000\",\"TimeCreated\":{\"SystemTime\":\"2023-05-22T20:35:36.4258382Z\"},\"EventRecordID\":\"887115\",\"Correlation\":\"\",\"Execution\":{\"ProcessID\":\"568\",\"ThreadID\":\"4856\"},\"Channel\":\"Security\",\"Computer\":\"01566s-win16-ir.threebeesco.com\",\"Security\":\"\"},\"EventData\":{\"Data\":[{\"Name\":\"TargetUserName\",\"text\":\"smoorf1\"},{\"Name\":\"TargetSid\",\"text\":\"S-1-5-21-308926384-506822093-3341789130-107103\"},{\"Name\":\"ServiceName\",\"text\":\"krbtgt/THREEBEESCO.COM\"},{\"Name\":\"TicketOptions\",\"text\":\"0x10\"},{\"Name\":\"Status\",\"text\":\"0x18\"},{\"Name\":\"PreAuthType\",\"text\":\"2\"},{\"Name\":\"IpAddress\",\"text\":\"172.16.66.1\"},{\"Name\":\"IpPort\",\"text\":\"55968\"},{\"Name\":\"CertIssuerName\"},{\"Name\":\"CertSerialNumber\"},{\"Name\":\"CertThumbprint\"}]}}}", "category.generic": "Operating System", "category.high": "Access Management", "category.low": "Communication", "datafield2": "Standard password authentication", "datafield4": "Pre-authentication information was invalid", "datafield5": "THREEBEESCO.COM", "datafield8": "0x10", "event_src.category": "AAA", "event_src.fqdn": "01566s-win16-ir.threebeesco.com", "event_src.host": "01566s-win16-ir.threebeesco.com", "event_src.hostname": "01566s-win16-ir", "event_src.subsys": "Security", "event_src.title": "windows", "event_src.vendor": "microsoft", "generator.type": "logcollector", "generator.version": "N26.0.2936", "id": "PT_Microsoft_Windows_eventlog_4771_Kerberos_pre_authentication_failed", "importance": "info", "input_id": "00000000-0000-0000-0000-000000000000", "logon_service": "krbtgt", "logon_type": 2, "mime": "application/x-pt-eventlog", "msgid": "4771", "normalized": true, "object": "system", "reason": "0x18", "recv_ipv4": "127.0.0.1", "recv_time": "2023-06-02T14:21:43.041Z", "src.host": "172.16.66.1", "src.ip": "172.16.66.1", "src.port": 55968, "status": "failure", "subject": "account", "subject.account.id": "S-1-5-21-308926384-506822093-3341789130-107103", "subject.account.name": "smoorf1", "tag": "some_tag", "task_id": "00000000-0000-0000-0000-000000000000", "taxonomy_version": "26.0.215-release-26.0", "time": "2023-05-22T20:35:36.425Z", "type": "raw", "uuid": "3aa04a6d-8343-4797-b414-ef44ab6e524f"}

# Тут будет твой тест. В секции expect укажи сколько и каких корреляционных событий ты ожидаешь
expect 1 	{"action": "execute", "category.generic": "Attack", "category.high": "Credential Access", "category.low": "Brute Force: Password Spraying", "correlation_name": "Kerberos_pwd_spraying", "correlation_type": "incident", "event_src.category": "AAA", "event_src.fqdn": "01566s-win16-ir.threebeesco.com", "event_src.host": "01566s-win16-ir.threebeesco.com", "event_src.hostname": "01566s-win16-ir", "event_src.subsys": "Security", "event_src.title": "windows", "event_src.vendor": "microsoft", "importance": "low", "incident.aggregation.key": "Kerberos_pwd_spraying|172.16.66.1", "incident.aggregation.timeout": 3600, "incident.category": "UserCompromising", "incident.severity": "low", "object": "request", "src.host": "172.16.66.1", "src.ip": "172.16.66.1", "src.port": 55968, "status": "success", "subject": "account", "subject.account.id": "S-1-5-21-308926384-506822093-3341789130-107103", "subject.account.name": "smoorf1"}